2025-12-29 23:18:50,641 - __main__ - INFO - Added default feed: Ars Technica Technology
2025-12-29 23:18:50,641 - __main__ - INFO - Added default feed: TechCrunch
2025-12-29 23:18:50,641 - __main__ - INFO - Added default feed: The Verge
2025-12-29 23:18:50,641 - __main__ - INFO - Added default feed: IEEE Spectrum
2025-12-29 23:18:50,641 - __main__ - INFO - Added default feed: Fierce Wireless
2025-12-29 23:18:50,641 - __main__ - INFO - Added default feed: RCR Wireless News
2025-12-29 23:18:50,641 - __main__ - INFO - Added default feed: Wi-Fi Alliance News
2025-12-29 23:18:50,641 - __main__ - INFO - Added default feed: Wireless Week
2025-12-29 23:18:50,642 - __main__ - INFO - Database initialized
2025-12-29 23:18:50,644 - __main__ - INFO - Starting RSS feed fetch...
2025-12-29 23:18:50,644 - __main__ - INFO - Starting The Wireless Monitor on 0.0.0.0:5000
2025-12-29 23:18:50,645 - __main__ - INFO - Fetching feed: Ars Technica Technology
2025-12-29 23:19:44,634 - __main__ - INFO - Database initialized
2025-12-29 23:19:44,636 - __main__ - INFO - Starting RSS feed fetch...
2025-12-29 23:19:44,636 - __main__ - INFO - Starting The Wireless Monitor on 0.0.0.0:8080
2025-12-29 23:19:44,637 - __main__ - INFO - Fetching feed: Ars Technica Technology
2025-12-29 23:19:44,643 - werkzeug - INFO - [31m[1mWARNING: This is a development server. Do not use it in a production deployment. Use a production WSGI server instead.[0m
 * Running on all addresses (0.0.0.0)
 * Running on http://127.0.0.1:8080
 * Running on http://192.168.208.14:8080
2025-12-29 23:19:44,643 - werkzeug - INFO - [33mPress CTRL+C to quit[0m
2025-12-29 23:19:45,148 - __main__ - INFO - Fetching feed: TechCrunch
2025-12-29 23:19:45,498 - __main__ - INFO - Fetching feed: The Verge
2025-12-29 23:19:45,922 - __main__ - INFO - Fetching feed: IEEE Spectrum
2025-12-29 23:19:46,374 - __main__ - INFO - Fetching feed: Fierce Wireless
2025-12-29 23:19:46,765 - __main__ - INFO - Fetching feed: RCR Wireless News
2025-12-29 23:19:47,169 - __main__ - INFO - Fetching feed: Wi-Fi Alliance News
2025-12-29 23:19:48,010 - __main__ - INFO - Fetching feed: Wireless Week
2025-12-29 23:19:49,033 - __main__ - INFO - RSS fetch completed: 10 new articles
2025-12-29 23:20:17,020 - werkzeug - INFO - 127.0.0.1 - - [29/Dec/2025 23:20:17] "GET / HTTP/1.1" 200 -
2025-12-29 23:20:24,588 - werkzeug - INFO - 127.0.0.1 - - [29/Dec/2025 23:20:24] "GET /?view=reader HTTP/1.1" 200 -
2025-12-29 23:20:34,742 - werkzeug - INFO - 127.0.0.1 - - [29/Dec/2025 23:20:34] "GET /?view=reader HTTP/1.1" 200 -
2025-12-29 23:20:40,926 - werkzeug - INFO - 127.0.0.1 - - [29/Dec/2025 23:20:40] "GET /?view=newspaper HTTP/1.1" 200 -
2025-12-29 23:33:42,271 - __main__ - INFO - Database initialized
2025-12-29 23:33:42,273 - __main__ - INFO - Starting RSS feed fetch...
2025-12-29 23:33:42,273 - __main__ - INFO - Starting The Wireless Monitor on 0.0.0.0:8080
2025-12-29 23:33:42,273 - __main__ - INFO - Fetching feed: Ars Technica Technology
2025-12-29 23:33:42,565 - werkzeug - INFO - [31m[1mWARNING: This is a development server. Do not use it in a production deployment. Use a production WSGI server instead.[0m
 * Running on all addresses (0.0.0.0)
 * Running on http://127.0.0.1:8080
 * Running on http://192.168.208.14:8080
2025-12-29 23:33:42,565 - werkzeug - INFO - [33mPress CTRL+C to quit[0m
2025-12-29 23:33:42,676 - __main__ - INFO - Fetching feed: TechCrunch
2025-12-29 23:33:43,064 - __main__ - INFO - Fetching feed: The Verge
2025-12-29 23:33:43,481 - __main__ - INFO - Fetching feed: IEEE Spectrum
2025-12-29 23:33:43,894 - __main__ - INFO - Fetching feed: Fierce Wireless
2025-12-29 23:33:44,263 - __main__ - INFO - Fetching feed: RCR Wireless News
2025-12-29 23:33:44,719 - __main__ - INFO - Fetching feed: Wi-Fi Alliance News
2025-12-29 23:33:45,580 - __main__ - INFO - Fetching feed: Wireless Week
2025-12-29 23:33:46,707 - __main__ - INFO - RSS fetch completed: 0 new articles
2025-12-29 23:34:12,607 - werkzeug - INFO - 127.0.0.1 - - [29/Dec/2025 23:34:12] "GET / HTTP/1.1" 200 -
2025-12-29 23:34:13,368 - werkzeug - INFO - 127.0.0.1 - - [29/Dec/2025 23:34:13] "[33mGET /favicon.ico HTTP/1.1[0m" 404 -
2025-12-29 23:34:16,910 - __main__ - INFO - Starting RSS feed fetch...
2025-12-29 23:34:16,912 - __main__ - INFO - Fetching feed: Ars Technica Technology
2025-12-29 23:34:17,264 - __main__ - INFO - Fetching feed: TechCrunch
2025-12-29 23:34:17,567 - __main__ - INFO - Fetching feed: The Verge
2025-12-29 23:34:17,940 - __main__ - INFO - Fetching feed: IEEE Spectrum
2025-12-29 23:34:18,249 - __main__ - INFO - Fetching feed: Fierce Wireless
2025-12-29 23:34:18,569 - __main__ - INFO - Fetching feed: RCR Wireless News
2025-12-29 23:34:18,938 - __main__ - INFO - Fetching feed: Wi-Fi Alliance News
2025-12-29 23:34:19,722 - __main__ - INFO - Fetching feed: Wireless Week
2025-12-29 23:34:20,583 - __main__ - INFO - RSS fetch completed: 0 new articles
2025-12-29 23:34:20,584 - werkzeug - INFO - 127.0.0.1 - - [29/Dec/2025 23:34:20] "GET /api/fetch_now HTTP/1.1" 200 -
2025-12-29 23:34:22,603 - werkzeug - INFO - 127.0.0.1 - - [29/Dec/2025 23:34:22] "GET / HTTP/1.1" 200 -
2025-12-29 23:34:27,989 - werkzeug - INFO - 127.0.0.1 - - [29/Dec/2025 23:34:27] "GET /insights?view=newspaper HTTP/1.1" 200 -
2025-12-29 23:34:43,487 - werkzeug - INFO - 127.0.0.1 - - [29/Dec/2025 23:34:43] "GET /admin?view=newspaper HTTP/1.1" 200 -
2025-12-29 23:34:43,513 - werkzeug - INFO - 127.0.0.1 - - [29/Dec/2025 23:34:43] "GET /api/status HTTP/1.1" 200 -
2025-12-29 23:34:50,364 - werkzeug - INFO - 127.0.0.1 - - [29/Dec/2025 23:34:50] "GET /?view=newspaper HTTP/1.1" 200 -
2025-12-29 23:34:52,068 - __main__ - INFO - Starting RSS feed fetch...
2025-12-29 23:34:52,069 - __main__ - INFO - Fetching feed: Ars Technica Technology
2025-12-29 23:34:52,436 - __main__ - INFO - Fetching feed: TechCrunch
2025-12-29 23:34:52,731 - __main__ - INFO - Fetching feed: The Verge
2025-12-29 23:34:53,136 - __main__ - INFO - Fetching feed: IEEE Spectrum
2025-12-29 23:34:53,419 - __main__ - INFO - Fetching feed: Fierce Wireless
2025-12-29 23:34:53,729 - __main__ - INFO - Fetching feed: RCR Wireless News
2025-12-29 23:34:54,047 - __main__ - INFO - Fetching feed: Wi-Fi Alliance News
2025-12-29 23:34:54,780 - __main__ - INFO - Fetching feed: Wireless Week
2025-12-29 23:34:55,598 - __main__ - INFO - RSS fetch completed: 0 new articles
2025-12-29 23:34:55,598 - werkzeug - INFO - 127.0.0.1 - - [29/Dec/2025 23:34:55] "GET /api/fetch_now HTTP/1.1" 200 -
2025-12-29 23:34:57,623 - werkzeug - INFO - 127.0.0.1 - - [29/Dec/2025 23:34:57] "GET /?view=newspaper HTTP/1.1" 200 -
2025-12-29 23:35:00,492 - werkzeug - INFO - 127.0.0.1 - - [29/Dec/2025 23:35:00] "GET /?view=reader HTTP/1.1" 200 -
2025-12-29 23:35:07,212 - werkzeug - INFO - 127.0.0.1 - - [29/Dec/2025 23:35:07] "GET /insights?view=reader HTTP/1.1" 200 -
2025-12-29 23:35:08,935 - werkzeug - INFO - 127.0.0.1 - - [29/Dec/2025 23:35:08] "GET /?view=reader HTTP/1.1" 200 -
2025-12-29 23:35:12,050 - __main__ - INFO - Starting RSS feed fetch...
2025-12-29 23:35:12,051 - __main__ - INFO - Fetching feed: Ars Technica Technology
2025-12-29 23:35:12,476 - __main__ - INFO - Fetching feed: TechCrunch
2025-12-29 23:35:12,760 - __main__ - INFO - Fetching feed: The Verge
2025-12-29 23:35:13,205 - __main__ - INFO - Fetching feed: IEEE Spectrum
2025-12-29 23:35:13,643 - __main__ - INFO - Fetching feed: Fierce Wireless
2025-12-29 23:35:13,968 - __main__ - INFO - Fetching feed: RCR Wireless News
2025-12-29 23:35:14,292 - __main__ - INFO - Fetching feed: Wi-Fi Alliance News
2025-12-29 23:35:15,055 - __main__ - INFO - Fetching feed: Wireless Week
2025-12-29 23:35:15,782 - __main__ - INFO - RSS fetch completed: 0 new articles
2025-12-29 23:35:15,783 - werkzeug - INFO - 127.0.0.1 - - [29/Dec/2025 23:35:15] "GET /api/fetch_now HTTP/1.1" 200 -
2025-12-29 23:35:16,800 - werkzeug - INFO - 127.0.0.1 - - [29/Dec/2025 23:35:16] "GET /?view=reader HTTP/1.1" 200 -
2025-12-29 23:35:19,821 - werkzeug - INFO - 127.0.0.1 - - [29/Dec/2025 23:35:19] "GET /feeds?view=reader HTTP/1.1" 200 -
2025-12-29 23:35:24,296 - werkzeug - INFO - 127.0.0.1 - - [29/Dec/2025 23:35:24] "[32mPOST /add_google_news?view=reader HTTP/1.1[0m" 302 -
2025-12-29 23:35:24,304 - werkzeug - INFO - 127.0.0.1 - - [29/Dec/2025 23:35:24] "GET /feeds?view=reader HTTP/1.1" 200 -
2025-12-29 23:35:26,313 - werkzeug - INFO - 127.0.0.1 - - [29/Dec/2025 23:35:26] "GET /?view=reader HTTP/1.1" 200 -
2025-12-29 23:35:27,262 - __main__ - INFO - Starting RSS feed fetch...
2025-12-29 23:35:27,264 - __main__ - INFO - Fetching feed: Ars Technica Technology
2025-12-29 23:35:27,602 - __main__ - INFO - Fetching feed: TechCrunch
2025-12-29 23:35:27,926 - __main__ - INFO - Fetching feed: The Verge
2025-12-29 23:35:28,211 - __main__ - INFO - Fetching feed: IEEE Spectrum
2025-12-29 23:35:28,563 - __main__ - INFO - Fetching feed: Fierce Wireless
2025-12-29 23:35:28,880 - __main__ - INFO - Fetching feed: RCR Wireless News
2025-12-29 23:35:29,204 - __main__ - INFO - Fetching feed: Wi-Fi Alliance News
2025-12-29 23:35:29,970 - __main__ - INFO - Fetching feed: Wireless Week
2025-12-29 23:35:30,659 - __main__ - INFO - Fetching feed: Google News: Wi-Fi
2025-12-29 23:35:31,821 - __main__ - INFO - RSS fetch completed: 19 new articles
2025-12-29 23:35:31,821 - werkzeug - INFO - 127.0.0.1 - - [29/Dec/2025 23:35:31] "GET /api/fetch_now HTTP/1.1" 200 -
2025-12-29 23:35:32,842 - main - ERROR - Exception on / [GET]
Traceback (most recent call last):
  File "/Users/drlentz/Library/Python/3.9/lib/python/site-packages/flask/app.py", line 1455, in wsgi_app
    response = self.full_dispatch_request()
  File "/Users/drlentz/Library/Python/3.9/lib/python/site-packages/flask/app.py", line 869, in full_dispatch_request
    rv = self.handle_user_exception(e)
  File "/Users/drlentz/Library/Python/3.9/lib/python/site-packages/flask/app.py", line 867, in full_dispatch_request
    rv = self.dispatch_request()
  File "/Users/drlentz/Library/Python/3.9/lib/python/site-packages/flask/app.py", line 852, in dispatch_request
    return self.ensure_sync(self.view_functions[rule.endpoint])(**view_args)
  File "/Users/drlentz/Kiro/app/main.py", line 233, in index
    return render_template('index.html', stories=stories, date=today, view_mode=view_mode, show_all=show_all, total_articles=total_today)
  File "/Users/drlentz/Library/Python/3.9/lib/python/site-packages/flask/templating.py", line 152, in render_template
    return _render(app, template, context)
  File "/Users/drlentz/Library/Python/3.9/lib/python/site-packages/flask/templating.py", line 133, in _render
    rv = template.render(context)
  File "/Users/drlentz/Library/Python/3.9/lib/python/site-packages/jinja2/environment.py", line 1295, in render
    self.environment.handle_exception()
  File "/Users/drlentz/Library/Python/3.9/lib/python/site-packages/jinja2/environment.py", line 942, in handle_exception
    raise rewrite_traceback_stack(source=source)
  File "/Users/drlentz/Kiro/app/templates/index.html", line 1, in top-level template code
    {% extends "base.html" %}
  File "/Users/drlentz/Kiro/app/templates/base.html", line 581, in top-level template code
    {% block content %}{% endblock %}
  File "/Users/drlentz/Kiro/app/templates/index.html", line 58, in block 'content'
    const articles = {{ stories|tojson }};
  File "/Users/drlentz/Library/Python/3.9/lib/python/site-packages/jinja2/filters.py", line 1721, in do_tojson
    return htmlsafe_json_dumps(value, dumps=dumps, **kwargs)
  File "/Users/drlentz/Library/Python/3.9/lib/python/site-packages/jinja2/utils.py", line 669, in htmlsafe_json_dumps
    dumps(obj, **kwargs)
  File "/Users/drlentz/Library/Python/3.9/lib/python/site-packages/flask/json/provider.py", line 180, in dumps
    return json.dumps(obj, **kwargs)
  File "/Library/Developer/CommandLineTools/Library/Frameworks/Python3.framework/Versions/3.9/lib/python3.9/json/__init__.py", line 234, in dumps
    return cls(
  File "/Library/Developer/CommandLineTools/Library/Frameworks/Python3.framework/Versions/3.9/lib/python3.9/json/encoder.py", line 199, in encode
    chunks = self.iterencode(o, _one_shot=True)
  File "/Library/Developer/CommandLineTools/Library/Frameworks/Python3.framework/Versions/3.9/lib/python3.9/json/encoder.py", line 257, in iterencode
    return _iterencode(o, 0)
  File "/Users/drlentz/Library/Python/3.9/lib/python/site-packages/flask/json/provider.py", line 120, in _default
    raise TypeError(f"Object of type {type(o).__name__} is not JSON serializable")
TypeError: Object of type Row is not JSON serializable
2025-12-29 23:35:32,858 - werkzeug - INFO - 127.0.0.1 - - [29/Dec/2025 23:35:32] "[35m[1mGET /?view=reader HTTP/1.1[0m" 500 -
2025-12-29 23:35:37,198 - main - ERROR - Exception on / [GET]
Traceback (most recent call last):
  File "/Users/drlentz/Library/Python/3.9/lib/python/site-packages/flask/app.py", line 1455, in wsgi_app
    response = self.full_dispatch_request()
  File "/Users/drlentz/Library/Python/3.9/lib/python/site-packages/flask/app.py", line 869, in full_dispatch_request
    rv = self.handle_user_exception(e)
  File "/Users/drlentz/Library/Python/3.9/lib/python/site-packages/flask/app.py", line 867, in full_dispatch_request
    rv = self.dispatch_request()
  File "/Users/drlentz/Library/Python/3.9/lib/python/site-packages/flask/app.py", line 852, in dispatch_request
    return self.ensure_sync(self.view_functions[rule.endpoint])(**view_args)
  File "/Users/drlentz/Kiro/app/main.py", line 233, in index
    return render_template('index.html', stories=stories, date=today, view_mode=view_mode, show_all=show_all, total_articles=total_today)
  File "/Users/drlentz/Library/Python/3.9/lib/python/site-packages/flask/templating.py", line 152, in render_template
    return _render(app, template, context)
  File "/Users/drlentz/Library/Python/3.9/lib/python/site-packages/flask/templating.py", line 133, in _render
    rv = template.render(context)
  File "/Users/drlentz/Library/Python/3.9/lib/python/site-packages/jinja2/environment.py", line 1295, in render
    self.environment.handle_exception()
  File "/Users/drlentz/Library/Python/3.9/lib/python/site-packages/jinja2/environment.py", line 942, in handle_exception
    raise rewrite_traceback_stack(source=source)
  File "/Users/drlentz/Kiro/app/templates/index.html", line 1, in top-level template code
    {% extends "base.html" %}
  File "/Users/drlentz/Kiro/app/templates/base.html", line 581, in top-level template code
    {% block content %}{% endblock %}
  File "/Users/drlentz/Kiro/app/templates/index.html", line 58, in block 'content'
    const articles = {{ stories|tojson }};
  File "/Users/drlentz/Library/Python/3.9/lib/python/site-packages/jinja2/filters.py", line 1721, in do_tojson
    return htmlsafe_json_dumps(value, dumps=dumps, **kwargs)
  File "/Users/drlentz/Library/Python/3.9/lib/python/site-packages/jinja2/utils.py", line 669, in htmlsafe_json_dumps
    dumps(obj, **kwargs)
  File "/Users/drlentz/Library/Python/3.9/lib/python/site-packages/flask/json/provider.py", line 180, in dumps
    return json.dumps(obj, **kwargs)
  File "/Library/Developer/CommandLineTools/Library/Frameworks/Python3.framework/Versions/3.9/lib/python3.9/json/__init__.py", line 234, in dumps
    return cls(
  File "/Library/Developer/CommandLineTools/Library/Frameworks/Python3.framework/Versions/3.9/lib/python3.9/json/encoder.py", line 199, in encode
    chunks = self.iterencode(o, _one_shot=True)
  File "/Library/Developer/CommandLineTools/Library/Frameworks/Python3.framework/Versions/3.9/lib/python3.9/json/encoder.py", line 257, in iterencode
    return _iterencode(o, 0)
  File "/Users/drlentz/Library/Python/3.9/lib/python/site-packages/flask/json/provider.py", line 120, in _default
    raise TypeError(f"Object of type {type(o).__name__} is not JSON serializable")
TypeError: Object of type Row is not JSON serializable
2025-12-29 23:35:37,200 - werkzeug - INFO - 127.0.0.1 - - [29/Dec/2025 23:35:37] "[35m[1mGET /?view=reader HTTP/1.1[0m" 500 -
2025-12-29 23:35:39,189 - werkzeug - INFO - 127.0.0.1 - - [29/Dec/2025 23:35:39] "GET /feeds?view=reader HTTP/1.1" 200 -
2025-12-29 23:35:41,829 - main - ERROR - Exception on / [GET]
Traceback (most recent call last):
  File "/Users/drlentz/Library/Python/3.9/lib/python/site-packages/flask/app.py", line 1455, in wsgi_app
    response = self.full_dispatch_request()
  File "/Users/drlentz/Library/Python/3.9/lib/python/site-packages/flask/app.py", line 869, in full_dispatch_request
    rv = self.handle_user_exception(e)
  File "/Users/drlentz/Library/Python/3.9/lib/python/site-packages/flask/app.py", line 867, in full_dispatch_request
    rv = self.dispatch_request()
  File "/Users/drlentz/Library/Python/3.9/lib/python/site-packages/flask/app.py", line 852, in dispatch_request
    return self.ensure_sync(self.view_functions[rule.endpoint])(**view_args)
  File "/Users/drlentz/Kiro/app/main.py", line 233, in index
    return render_template('index.html', stories=stories, date=today, view_mode=view_mode, show_all=show_all, total_articles=total_today)
  File "/Users/drlentz/Library/Python/3.9/lib/python/site-packages/flask/templating.py", line 152, in render_template
    return _render(app, template, context)
  File "/Users/drlentz/Library/Python/3.9/lib/python/site-packages/flask/templating.py", line 133, in _render
    rv = template.render(context)
  File "/Users/drlentz/Library/Python/3.9/lib/python/site-packages/jinja2/environment.py", line 1295, in render
    self.environment.handle_exception()
  File "/Users/drlentz/Library/Python/3.9/lib/python/site-packages/jinja2/environment.py", line 942, in handle_exception
    raise rewrite_traceback_stack(source=source)
  File "/Users/drlentz/Kiro/app/templates/index.html", line 1, in top-level template code
    {% extends "base.html" %}
  File "/Users/drlentz/Kiro/app/templates/base.html", line 581, in top-level template code
    {% block content %}{% endblock %}
  File "/Users/drlentz/Kiro/app/templates/index.html", line 58, in block 'content'
    const articles = {{ stories|tojson }};
  File "/Users/drlentz/Library/Python/3.9/lib/python/site-packages/jinja2/filters.py", line 1721, in do_tojson
    return htmlsafe_json_dumps(value, dumps=dumps, **kwargs)
  File "/Users/drlentz/Library/Python/3.9/lib/python/site-packages/jinja2/utils.py", line 669, in htmlsafe_json_dumps
    dumps(obj, **kwargs)
  File "/Users/drlentz/Library/Python/3.9/lib/python/site-packages/flask/json/provider.py", line 180, in dumps
    return json.dumps(obj, **kwargs)
  File "/Library/Developer/CommandLineTools/Library/Frameworks/Python3.framework/Versions/3.9/lib/python3.9/json/__init__.py", line 234, in dumps
    return cls(
  File "/Library/Developer/CommandLineTools/Library/Frameworks/Python3.framework/Versions/3.9/lib/python3.9/json/encoder.py", line 199, in encode
    chunks = self.iterencode(o, _one_shot=True)
  File "/Library/Developer/CommandLineTools/Library/Frameworks/Python3.framework/Versions/3.9/lib/python3.9/json/encoder.py", line 257, in iterencode
    return _iterencode(o, 0)
  File "/Users/drlentz/Library/Python/3.9/lib/python/site-packages/flask/json/provider.py", line 120, in _default
    raise TypeError(f"Object of type {type(o).__name__} is not JSON serializable")
TypeError: Object of type Row is not JSON serializable
2025-12-29 23:35:41,830 - werkzeug - INFO - 127.0.0.1 - - [29/Dec/2025 23:35:41] "[35m[1mGET /?view=reader HTTP/1.1[0m" 500 -
2025-12-29 23:35:43,553 - main - ERROR - Exception on / [GET]
Traceback (most recent call last):
  File "/Users/drlentz/Library/Python/3.9/lib/python/site-packages/flask/app.py", line 1455, in wsgi_app
    response = self.full_dispatch_request()
  File "/Users/drlentz/Library/Python/3.9/lib/python/site-packages/flask/app.py", line 869, in full_dispatch_request
    rv = self.handle_user_exception(e)
  File "/Users/drlentz/Library/Python/3.9/lib/python/site-packages/flask/app.py", line 867, in full_dispatch_request
    rv = self.dispatch_request()
  File "/Users/drlentz/Library/Python/3.9/lib/python/site-packages/flask/app.py", line 852, in dispatch_request
    return self.ensure_sync(self.view_functions[rule.endpoint])(**view_args)
  File "/Users/drlentz/Kiro/app/main.py", line 233, in index
    return render_template('index.html', stories=stories, date=today, view_mode=view_mode, show_all=show_all, total_articles=total_today)
  File "/Users/drlentz/Library/Python/3.9/lib/python/site-packages/flask/templating.py", line 152, in render_template
    return _render(app, template, context)
  File "/Users/drlentz/Library/Python/3.9/lib/python/site-packages/flask/templating.py", line 133, in _render
    rv = template.render(context)
  File "/Users/drlentz/Library/Python/3.9/lib/python/site-packages/jinja2/environment.py", line 1295, in render
    self.environment.handle_exception()
  File "/Users/drlentz/Library/Python/3.9/lib/python/site-packages/jinja2/environment.py", line 942, in handle_exception
    raise rewrite_traceback_stack(source=source)
  File "/Users/drlentz/Kiro/app/templates/index.html", line 1, in top-level template code
    {% extends "base.html" %}
  File "/Users/drlentz/Kiro/app/templates/base.html", line 581, in top-level template code
    {% block content %}{% endblock %}
  File "/Users/drlentz/Kiro/app/templates/index.html", line 58, in block 'content'
    const articles = {{ stories|tojson }};
  File "/Users/drlentz/Library/Python/3.9/lib/python/site-packages/jinja2/filters.py", line 1721, in do_tojson
    return htmlsafe_json_dumps(value, dumps=dumps, **kwargs)
  File "/Users/drlentz/Library/Python/3.9/lib/python/site-packages/jinja2/utils.py", line 669, in htmlsafe_json_dumps
    dumps(obj, **kwargs)
  File "/Users/drlentz/Library/Python/3.9/lib/python/site-packages/flask/json/provider.py", line 180, in dumps
    return json.dumps(obj, **kwargs)
  File "/Library/Developer/CommandLineTools/Library/Frameworks/Python3.framework/Versions/3.9/lib/python3.9/json/__init__.py", line 234, in dumps
    return cls(
  File "/Library/Developer/CommandLineTools/Library/Frameworks/Python3.framework/Versions/3.9/lib/python3.9/json/encoder.py", line 199, in encode
    chunks = self.iterencode(o, _one_shot=True)
  File "/Library/Developer/CommandLineTools/Library/Frameworks/Python3.framework/Versions/3.9/lib/python3.9/json/encoder.py", line 257, in iterencode
    return _iterencode(o, 0)
  File "/Users/drlentz/Library/Python/3.9/lib/python/site-packages/flask/json/provider.py", line 120, in _default
    raise TypeError(f"Object of type {type(o).__name__} is not JSON serializable")
TypeError: Object of type Row is not JSON serializable
2025-12-29 23:35:43,555 - werkzeug - INFO - 127.0.0.1 - - [29/Dec/2025 23:35:43] "[35m[1mGET /?view=reader HTTP/1.1[0m" 500 -
2025-12-29 23:36:35,082 - __main__ - INFO - Database initialized
2025-12-29 23:36:35,084 - __main__ - INFO - Starting RSS feed fetch...
2025-12-29 23:36:35,084 - __main__ - INFO - Starting The Wireless Monitor on 0.0.0.0:8080
2025-12-29 23:36:35,084 - __main__ - INFO - Fetching feed: Ars Technica Technology
2025-12-29 23:36:35,092 - werkzeug - INFO - [31m[1mWARNING: This is a development server. Do not use it in a production deployment. Use a production WSGI server instead.[0m
 * Running on all addresses (0.0.0.0)
 * Running on http://127.0.0.1:8080
 * Running on http://192.168.208.14:8080
2025-12-29 23:36:35,092 - werkzeug - INFO - [33mPress CTRL+C to quit[0m
2025-12-29 23:36:35,501 - __main__ - INFO - Fetching feed: TechCrunch
2025-12-29 23:36:35,807 - __main__ - INFO - Fetching feed: The Verge
2025-12-29 23:36:36,330 - __main__ - INFO - Fetching feed: IEEE Spectrum
2025-12-29 23:36:36,695 - __main__ - INFO - Fetching feed: Fierce Wireless
2025-12-29 23:36:37,021 - __main__ - INFO - Fetching feed: RCR Wireless News
2025-12-29 23:36:37,361 - __main__ - INFO - Fetching feed: Wi-Fi Alliance News
2025-12-29 23:36:38,124 - __main__ - INFO - Fetching feed: Wireless Week
2025-12-29 23:36:38,877 - __main__ - INFO - Fetching feed: Google News: Wi-Fi
2025-12-29 23:36:39,475 - __main__ - INFO - RSS fetch completed: 0 new articles
2025-12-29 23:36:46,375 - werkzeug - INFO - 127.0.0.1 - - [29/Dec/2025 23:36:46] "GET /?view=reader HTTP/1.1" 200 -
2025-12-29 23:38:21,952 - werkzeug - INFO - 127.0.0.1 - - [29/Dec/2025 23:38:21] "GET /?view=reader HTTP/1.1" 200 -
2025-12-29 23:38:34,773 - werkzeug - INFO - 127.0.0.1 - - [29/Dec/2025 23:38:34] "GET /?view=reader HTTP/1.1" 200 -
2025-12-29 23:38:38,231 - werkzeug - INFO - 127.0.0.1 - - [29/Dec/2025 23:38:38] "GET /?view=newspaper HTTP/1.1" 200 -
2025-12-29 23:46:03,603 - __main__ - INFO - Added CES 2025 event
2025-12-29 23:46:03,603 - __main__ - INFO - Added NRF 2025 event
2025-12-29 23:46:03,603 - __main__ - INFO - Database initialized
2025-12-29 23:46:03,606 - __main__ - INFO - Starting RSS feed fetch...
2025-12-29 23:46:03,606 - __main__ - INFO - Starting The Wireless Monitor on 0.0.0.0:8080
2025-12-29 23:46:03,606 - __main__ - INFO - Fetching feed: Ars Technica Technology
2025-12-29 23:46:03,618 - werkzeug - INFO - [31m[1mWARNING: This is a development server. Do not use it in a production deployment. Use a production WSGI server instead.[0m
 * Running on all addresses (0.0.0.0)
 * Running on http://127.0.0.1:8080
 * Running on http://192.168.208.14:8080
2025-12-29 23:46:03,618 - werkzeug - INFO - [33mPress CTRL+C to quit[0m
2025-12-29 23:46:04,029 - __main__ - INFO - Fetching feed: TechCrunch
2025-12-29 23:46:04,474 - __main__ - INFO - Fetching feed: The Verge
2025-12-29 23:46:04,914 - __main__ - INFO - Fetching feed: IEEE Spectrum
2025-12-29 23:46:05,290 - __main__ - INFO - Fetching feed: Fierce Wireless
2025-12-29 23:46:05,716 - __main__ - INFO - Fetching feed: RCR Wireless News
2025-12-29 23:46:06,173 - __main__ - INFO - Fetching feed: Wi-Fi Alliance News
2025-12-29 23:46:07,030 - __main__ - INFO - Fetching feed: Wireless Week
2025-12-29 23:46:08,093 - __main__ - INFO - Fetching feed: Google News: Wi-Fi
2025-12-29 23:46:09,227 - __main__ - INFO - RSS fetch completed: 2 new articles
2025-12-29 23:46:43,995 - main - ERROR - Exception on /events [GET]
Traceback (most recent call last):
  File "/Users/drlentz/Library/Python/3.9/lib/python/site-packages/flask/app.py", line 1455, in wsgi_app
    response = self.full_dispatch_request()
  File "/Users/drlentz/Library/Python/3.9/lib/python/site-packages/flask/app.py", line 869, in full_dispatch_request
    rv = self.handle_user_exception(e)
  File "/Users/drlentz/Library/Python/3.9/lib/python/site-packages/flask/app.py", line 867, in full_dispatch_request
    rv = self.dispatch_request()
  File "/Users/drlentz/Library/Python/3.9/lib/python/site-packages/flask/app.py", line 852, in dispatch_request
    return self.ensure_sync(self.view_functions[rule.endpoint])(**view_args)
  File "/Users/drlentz/Kiro/app/main.py", line 522, in events
    return render_template('events.html', events=current_events, view_mode=view_mode)
  File "/Users/drlentz/Library/Python/3.9/lib/python/site-packages/flask/templating.py", line 151, in render_template
    template = app.jinja_env.get_or_select_template(template_name_or_list)
  File "/Users/drlentz/Library/Python/3.9/lib/python/site-packages/jinja2/environment.py", line 1087, in get_or_select_template
    return self.get_template(template_name_or_list, parent, globals)
  File "/Users/drlentz/Library/Python/3.9/lib/python/site-packages/jinja2/environment.py", line 1016, in get_template
    return self._load_template(name, globals)
  File "/Users/drlentz/Library/Python/3.9/lib/python/site-packages/jinja2/environment.py", line 975, in _load_template
    template = self.loader.load(self, name, self.make_globals(globals))
  File "/Users/drlentz/Library/Python/3.9/lib/python/site-packages/jinja2/loaders.py", line 138, in load
    code = environment.compile(source, name, filename)
  File "/Users/drlentz/Library/Python/3.9/lib/python/site-packages/jinja2/environment.py", line 771, in compile
    self.handle_exception(source=source_hint)
  File "/Users/drlentz/Library/Python/3.9/lib/python/site-packages/jinja2/environment.py", line 942, in handle_exception
    raise rewrite_traceback_stack(source=source)
  File "/Users/drlentz/Kiro/app/templates/events.html", line 29, in template
    {% set days_until = ((event.start_date | string)[:10] | strptime('%Y-%m-%d') - (moment().format('YYYY-MM-DD') | strptime('%Y-%m-%d'))).days %}
jinja2.exceptions.TemplateAssertionError: No filter named 'strptime'.
2025-12-29 23:46:43,999 - werkzeug - INFO - 127.0.0.1 - - [29/Dec/2025 23:46:43] "[35m[1mGET /events HTTP/1.1[0m" 500 -
2025-12-29 23:47:12,386 - werkzeug - INFO - 127.0.0.1 - - [29/Dec/2025 23:47:12] "GET /events HTTP/1.1" 200 -
2025-12-29 23:47:28,889 - __main__ - INFO - Added Google News feed for CES 2025
2025-12-29 23:47:28,889 - __main__ - INFO - Added Google News feed for NRF 2025
2025-12-29 23:47:28,890 - __main__ - INFO - Database initialized
2025-12-29 23:47:28,892 - __main__ - INFO - Starting RSS feed fetch...
2025-12-29 23:47:28,892 - __main__ - INFO - Starting The Wireless Monitor on 0.0.0.0:8080
2025-12-29 23:47:28,893 - __main__ - INFO - Fetching feed: Ars Technica Technology
2025-12-29 23:47:28,899 - werkzeug - INFO - [31m[1mWARNING: This is a development server. Do not use it in a production deployment. Use a production WSGI server instead.[0m
 * Running on all addresses (0.0.0.0)
 * Running on http://127.0.0.1:8080
 * Running on http://192.168.208.14:8080
2025-12-29 23:47:28,899 - werkzeug - INFO - [33mPress CTRL+C to quit[0m
2025-12-29 23:47:29,317 - __main__ - INFO - Fetching feed: TechCrunch
2025-12-29 23:47:29,596 - __main__ - INFO - Fetching feed: The Verge
2025-12-29 23:47:30,005 - __main__ - INFO - Fetching feed: IEEE Spectrum
2025-12-29 23:47:30,421 - __main__ - INFO - Fetching feed: Fierce Wireless
2025-12-29 23:47:30,696 - __main__ - INFO - Fetching feed: RCR Wireless News
2025-12-29 23:47:31,018 - __main__ - INFO - Fetching feed: Wi-Fi Alliance News
2025-12-29 23:47:31,749 - __main__ - INFO - Fetching feed: Wireless Week
2025-12-29 23:47:32,551 - __main__ - INFO - Fetching feed: Google News: Wi-Fi
2025-12-29 23:47:33,704 - __main__ - INFO - Fetching feed: Google News: CES 2025
2025-12-29 23:47:34,785 - __main__ - INFO - Fetching feed: Google News: NRF 2025
2025-12-29 23:47:35,849 - __main__ - INFO - RSS fetch completed: 2 new articles
2025-12-29 23:47:37,970 - werkzeug - INFO - 127.0.0.1 - - [29/Dec/2025 23:47:37] "GET /events HTTP/1.1" 200 -
2025-12-29 23:47:44,050 - werkzeug - INFO - 127.0.0.1 - - [29/Dec/2025 23:47:44] "GET /events HTTP/1.1" 200 -
2025-12-29 23:48:02,417 - werkzeug - INFO - 127.0.0.1 - - [29/Dec/2025 23:48:02] "GET /api/status HTTP/1.1" 200 -
2025-12-29 23:48:08,914 - werkzeug - INFO - 127.0.0.1 - - [29/Dec/2025 23:48:08] "GET /events HTTP/1.1" 200 -
2025-12-29 23:48:22,989 - werkzeug - INFO - 127.0.0.1 - - [29/Dec/2025 23:48:22] "[33mGET /api/debug_events HTTP/1.1[0m" 404 -
2025-12-29 23:48:30,662 - __main__ - INFO - Database initialized
2025-12-29 23:48:30,664 - __main__ - INFO - Starting RSS feed fetch...
2025-12-29 23:48:30,664 - __main__ - INFO - Starting The Wireless Monitor on 0.0.0.0:8080
2025-12-29 23:48:30,665 - __main__ - INFO - Fetching feed: Ars Technica Technology
2025-12-29 23:48:30,673 - werkzeug - INFO - [31m[1mWARNING: This is a development server. Do not use it in a production deployment. Use a production WSGI server instead.[0m
 * Running on all addresses (0.0.0.0)
 * Running on http://127.0.0.1:8080
 * Running on http://192.168.208.14:8080
2025-12-29 23:48:30,673 - werkzeug - INFO - [33mPress CTRL+C to quit[0m
2025-12-29 23:48:30,997 - __main__ - INFO - Fetching feed: TechCrunch
2025-12-29 23:48:31,560 - __main__ - INFO - Fetching feed: The Verge
2025-12-29 23:48:31,926 - __main__ - INFO - Fetching feed: IEEE Spectrum
2025-12-29 23:48:32,207 - __main__ - INFO - Fetching feed: Fierce Wireless
2025-12-29 23:48:32,514 - __main__ - INFO - Fetching feed: RCR Wireless News
2025-12-29 23:48:32,840 - __main__ - INFO - Fetching feed: Wi-Fi Alliance News
2025-12-29 23:48:33,635 - __main__ - INFO - Fetching feed: Wireless Week
2025-12-29 23:48:34,417 - __main__ - INFO - Fetching feed: Google News: Wi-Fi
2025-12-29 23:48:35,040 - __main__ - INFO - Fetching feed: Google News: CES 2025
2025-12-29 23:48:35,621 - __main__ - INFO - Fetching feed: Google News: NRF 2025
2025-12-29 23:48:36,222 - __main__ - INFO - RSS fetch completed: 0 new articles
2025-12-29 23:48:38,818 - werkzeug - INFO - 127.0.0.1 - - [29/Dec/2025 23:48:38] "GET /api/debug_events HTTP/1.1" 200 -
2025-12-29 23:49:19,670 - werkzeug - INFO - 127.0.0.1 - - [29/Dec/2025 23:49:19] "GET /events HTTP/1.1" 200 -
2025-12-29 23:49:27,541 - werkzeug - INFO - 127.0.0.1 - - [29/Dec/2025 23:49:27] "GET /events HTTP/1.1" 200 -
2025-12-29 23:49:55,304 - werkzeug - INFO - 127.0.0.1 - - [29/Dec/2025 23:49:55] "GET /api/debug_events HTTP/1.1" 200 -
2025-12-29 23:50:03,721 - __main__ - INFO - Database initialized
2025-12-29 23:50:03,723 - __main__ - INFO - Starting RSS feed fetch...
2025-12-29 23:50:03,723 - __main__ - INFO - Starting The Wireless Monitor on 0.0.0.0:8080
2025-12-29 23:50:03,723 - __main__ - INFO - Fetching feed: Ars Technica Technology
2025-12-29 23:50:03,732 - werkzeug - INFO - [31m[1mWARNING: This is a development server. Do not use it in a production deployment. Use a production WSGI server instead.[0m
 * Running on all addresses (0.0.0.0)
 * Running on http://127.0.0.1:8080
 * Running on http://192.168.208.14:8080
2025-12-29 23:50:03,732 - werkzeug - INFO - [33mPress CTRL+C to quit[0m
2025-12-29 23:50:04,134 - __main__ - INFO - Fetching feed: TechCrunch
2025-12-29 23:50:04,502 - __main__ - INFO - Fetching feed: The Verge
2025-12-29 23:50:04,916 - __main__ - INFO - Fetching feed: IEEE Spectrum
2025-12-29 23:50:05,271 - __main__ - INFO - Fetching feed: Fierce Wireless
2025-12-29 23:50:05,633 - __main__ - INFO - Fetching feed: RCR Wireless News
2025-12-29 23:50:05,963 - __main__ - INFO - Fetching feed: Wi-Fi Alliance News
2025-12-29 23:50:06,747 - __main__ - INFO - Fetching feed: Wireless Week
2025-12-29 23:50:07,476 - __main__ - INFO - Fetching feed: Google News: Wi-Fi
2025-12-29 23:50:08,519 - __main__ - INFO - Fetching feed: Google News: CES 2025
2025-12-29 23:50:09,569 - __main__ - INFO - Fetching feed: Google News: NRF 2025
2025-12-29 23:50:10,626 - __main__ - INFO - RSS fetch completed: 0 new articles
2025-12-29 23:50:11,403 - werkzeug - INFO - 127.0.0.1 - - [29/Dec/2025 23:50:11] "GET /api/debug_events HTTP/1.1" 200 -
2025-12-29 23:50:46,116 - __main__ - INFO - Database initialized
2025-12-29 23:50:46,119 - __main__ - INFO - Starting RSS feed fetch...
2025-12-29 23:50:46,119 - __main__ - INFO - Starting The Wireless Monitor on 0.0.0.0:8080
2025-12-29 23:50:46,119 - __main__ - INFO - Fetching feed: Ars Technica Technology
2025-12-29 23:50:46,126 - werkzeug - INFO - [31m[1mWARNING: This is a development server. Do not use it in a production deployment. Use a production WSGI server instead.[0m
 * Running on all addresses (0.0.0.0)
 * Running on http://127.0.0.1:8080
 * Running on http://192.168.208.14:8080
2025-12-29 23:50:46,126 - werkzeug - INFO - [33mPress CTRL+C to quit[0m
2025-12-29 23:50:46,453 - __main__ - INFO - Fetching feed: TechCrunch
2025-12-29 23:50:46,750 - __main__ - INFO - Fetching feed: The Verge
2025-12-29 23:50:47,093 - __main__ - INFO - Fetching feed: IEEE Spectrum
2025-12-29 23:50:47,403 - __main__ - INFO - Fetching feed: Fierce Wireless
2025-12-29 23:50:47,702 - __main__ - INFO - Fetching feed: RCR Wireless News
2025-12-29 23:50:48,045 - __main__ - INFO - Fetching feed: Wi-Fi Alliance News
2025-12-29 23:50:48,794 - __main__ - INFO - Fetching feed: Wireless Week
2025-12-29 23:50:49,511 - __main__ - INFO - Fetching feed: Google News: Wi-Fi
2025-12-29 23:50:50,129 - __main__ - INFO - Fetching feed: Google News: CES 2025
2025-12-29 23:50:50,713 - __main__ - INFO - Fetching feed: Google News: NRF 2025
2025-12-29 23:50:51,286 - __main__ - INFO - RSS fetch completed: 0 new articles
2025-12-29 23:51:13,581 - werkzeug - INFO - 127.0.0.1 - - [29/Dec/2025 23:51:13] "GET /events HTTP/1.1" 200 -
2025-12-29 23:51:19,672 - werkzeug - INFO - 127.0.0.1 - - [29/Dec/2025 23:51:19] "GET /events HTTP/1.1" 200 -
2025-12-29 23:51:25,905 - werkzeug - INFO - 127.0.0.1 - - [29/Dec/2025 23:51:25] "GET /event/1 HTTP/1.1" 200 -
2025-12-29 23:51:41,125 - werkzeug - INFO - 127.0.0.1 - - [29/Dec/2025 23:51:41] "GET /?view=newspaper HTTP/1.1" 200 -
2025-12-29 23:51:46,977 - werkzeug - INFO - 127.0.0.1 - - [29/Dec/2025 23:51:46] "GET /events?view=newspaper HTTP/1.1" 200 -
2025-12-29 23:51:52,228 - werkzeug - INFO - 127.0.0.1 - - [29/Dec/2025 23:51:52] "GET /event/1?view=newspaper HTTP/1.1" 200 -
2025-12-29 23:52:21,344 - werkzeug - INFO - 127.0.0.1 - - [29/Dec/2025 23:52:21] "GET /events?view=newspaper HTTP/1.1" 200 -
2025-12-29 23:52:29,342 - werkzeug - INFO - 127.0.0.1 - - [29/Dec/2025 23:52:29] "GET /?view=newspaper HTTP/1.1" 200 -
2025-12-29 23:52:30,845 - __main__ - INFO - Starting RSS feed fetch...
2025-12-29 23:52:30,846 - __main__ - INFO - Fetching feed: Ars Technica Technology
2025-12-29 23:52:31,252 - __main__ - INFO - Fetching feed: TechCrunch
2025-12-29 23:52:31,663 - __main__ - INFO - Fetching feed: The Verge
2025-12-29 23:52:32,117 - __main__ - INFO - Fetching feed: IEEE Spectrum
2025-12-29 23:52:32,586 - __main__ - INFO - Fetching feed: Fierce Wireless
2025-12-29 23:52:32,961 - __main__ - INFO - Fetching feed: RCR Wireless News
2025-12-29 23:52:33,398 - __main__ - INFO - Fetching feed: Wi-Fi Alliance News
2025-12-29 23:52:34,319 - __main__ - INFO - Fetching feed: Wireless Week
2025-12-29 23:52:35,341 - __main__ - INFO - Fetching feed: Google News: Wi-Fi
2025-12-29 23:52:36,402 - __main__ - INFO - Fetching feed: Google News: CES 2025
2025-12-29 23:52:37,455 - __main__ - INFO - Fetching feed: Google News: NRF 2025
2025-12-29 23:52:38,432 - __main__ - INFO - RSS fetch completed: 0 new articles
2025-12-29 23:52:38,432 - werkzeug - INFO - 127.0.0.1 - - [29/Dec/2025 23:52:38] "GET /api/fetch_now HTTP/1.1" 200 -
2025-12-29 23:52:40,451 - werkzeug - INFO - 127.0.0.1 - - [29/Dec/2025 23:52:40] "GET /?view=newspaper HTTP/1.1" 200 -
2025-12-29 23:52:43,563 - werkzeug - INFO - 127.0.0.1 - - [29/Dec/2025 23:52:43] "GET /events?view=newspaper HTTP/1.1" 200 -
2025-12-29 23:52:52,512 - werkzeug - INFO - 127.0.0.1 - - [29/Dec/2025 23:52:52] "GET /event/1?view=newspaper HTTP/1.1" 200 -
